<?xml version="1.0" encoding="UTF-8"?>
<testng-results skipped="0" failed="0" total="1" passed="1">
  <reporter-output>
  </reporter-output>
  <suite name="Default suite" duration-ms="13718" started-at="2021-01-15T10:33:16Z" finished-at="2021-01-15T10:33:30Z">
    <groups>
    </groups>
    <test name="Default test" duration-ms="13718" started-at="2021-01-15T10:33:16Z" finished-at="2021-01-15T10:33:30Z">
      <class name="loginwithoutfindby.login">
        <test-method status="PASS" signature="logintest()[pri:0, instance:loginwithoutfindby.login@66d2e7d9]" name="logintest" duration-ms="13686" started-at="2021-01-15T16:03:16Z" finished-at="2021-01-15T16:03:30Z">
          <reporter-output>
          </reporter-output>
        </test-method> <!-- logintest -->
      </class> <!-- loginwithoutfindby.login -->
    </test> <!-- Default test -->
  </suite> <!-- Default suite -->
</testng-results>
